{"/Users/mari/pokemon-app/src/App.tsx": {"path":"/Users/mari/pokemon-app/src/App.tsx","statementMap":{"0":{"start":{"line":14,"column":2},"end":{"line":32,"column":null}}},"fnMap":{"0":{"name":"App","decl":{"start":{"line":13,"column":9},"end":{"line":13,"column":15}},"loc":{"start":{"line":13,"column":15},"end":{"line":34,"column":null}},"line":13}},"branchMap":{},"s":{"0":1},"f":{"0":1},"b":{},"meta":{"lastBranch":0,"lastFunction":1,"lastStatement":1,"seen":{"f:13:9:13:15":0,"s:14:2:32:Infinity":0},"fnNames":{}}}
,"/Users/mari/pokemon-app/src/components/BuggyButton/BuggyButton.tsx": {"path":"/Users/mari/pokemon-app/src/components/BuggyButton/BuggyButton.tsx","statementMap":{"0":{"start":{"line":5,"column":40},"end":{"line":5,"column":null}},"1":{"start":{"line":7,"column":2},"end":{"line":9,"column":null}},"2":{"start":{"line":8,"column":4},"end":{"line":8,"column":null}},"3":{"start":{"line":11,"column":2},"end":{"line":14,"column":null}},"4":{"start":{"line":12,"column":52},"end":{"line":12,"column":74}}},"fnMap":{"0":{"name":"BuggyButton","decl":{"start":{"line":4,"column":9},"end":{"line":4,"column":23}},"loc":{"start":{"line":4,"column":23},"end":{"line":16,"column":null}},"line":4},"1":{"name":"(anonymous_1)","decl":{"start":{"line":12,"column":37},"end":{"line":12,"column":52}},"loc":{"start":{"line":12,"column":52},"end":{"line":12,"column":74}},"line":12}},"branchMap":{"0":{"loc":{"start":{"line":7,"column":2},"end":{"line":9,"column":null}},"type":"if","locations":[{"start":{"line":7,"column":2},"end":{"line":9,"column":null}},{"start":{},"end":{}}],"line":7}},"s":{"0":19,"1":19,"2":2,"3":16,"4":1},"f":{"0":19,"1":1},"b":{"0":[2,17]},"meta":{"lastBranch":1,"lastFunction":2,"lastStatement":5,"seen":{"f:4:9:4:23":0,"s:5:40:5:Infinity":0,"b:7:2:9:Infinity:undefined:undefined:undefined:undefined":0,"s:7:2:9:Infinity":1,"s:8:4:8:Infinity":2,"s:11:2:14:Infinity":3,"f:12:37:12:52":1,"s:12:52:12:74":4},"fnNames":{}}}
,"/Users/mari/pokemon-app/src/components/Card/Card.tsx": {"path":"/Users/mari/pokemon-app/src/components/Card/Card.tsx","statementMap":{"0":{"start":{"line":13,"column":21},"end":{"line":15,"column":null}},"1":{"start":{"line":14,"column":4},"end":{"line":14,"column":null}},"2":{"start":{"line":16,"column":21},"end":{"line":16,"column":null}},"3":{"start":{"line":16,"column":54},"end":{"line":16,"column":70}},"4":{"start":{"line":18,"column":22},"end":{"line":18,"column":null}},"5":{"start":{"line":19,"column":16},"end":{"line":19,"column":null}},"6":{"start":{"line":21,"column":20},"end":{"line":24,"column":null}},"7":{"start":{"line":26,"column":8},"end":{"line":28,"column":null}},"8":{"start":{"line":27,"column":4},"end":{"line":27,"column":null}},"9":{"start":{"line":30,"column":8},"end":{"line":32,"column":null}},"10":{"start":{"line":31,"column":4},"end":{"line":31,"column":null}},"11":{"start":{"line":34,"column":8},"end":{"line":37,"column":null}},"12":{"start":{"line":35,"column":4},"end":{"line":35,"column":null}},"13":{"start":{"line":36,"column":4},"end":{"line":36,"column":null}},"14":{"start":{"line":39,"column":2},"end":{"line":65,"column":null}}},"fnMap":{"0":{"name":"Card","decl":{"start":{"line":12,"column":9},"end":{"line":12,"column":14}},"loc":{"start":{"line":12,"column":65},"end":{"line":67,"column":null}},"line":12},"1":{"name":"(anonymous_1)","decl":{"start":{"line":13,"column":21},"end":{"line":13,"column":44}},"loc":{"start":{"line":14,"column":4},"end":{"line":14,"column":null}},"line":14},"2":{"name":"(anonymous_2)","decl":{"start":{"line":16,"column":21},"end":{"line":16,"column":44}},"loc":{"start":{"line":16,"column":54},"end":{"line":16,"column":70}},"line":16},"3":{"name":"(anonymous_3)","decl":{"start":{"line":26,"column":8},"end":{"line":26,"column":28}},"loc":{"start":{"line":26,"column":68},"end":{"line":28,"column":null}},"line":26},"4":{"name":"(anonymous_4)","decl":{"start":{"line":30,"column":8},"end":{"line":30,"column":31}},"loc":{"start":{"line":30,"column":67},"end":{"line":32,"column":null}},"line":30},"5":{"name":"(anonymous_5)","decl":{"start":{"line":34,"column":8},"end":{"line":34,"column":32}},"loc":{"start":{"line":34,"column":69},"end":{"line":37,"column":null}},"line":34}},"branchMap":{"0":{"loc":{"start":{"line":18,"column":22},"end":{"line":18,"column":null}},"type":"binary-expr","locations":[{"start":{"line":18,"column":22},"end":{"line":18,"column":34}},{"start":{"line":18,"column":34},"end":{"line":18,"column":null}}],"line":18}},"s":{"0":14,"1":42,"2":14,"3":42,"4":14,"5":14,"6":14,"7":14,"8":1,"9":14,"10":0,"11":14,"12":0,"13":0,"14":14},"f":{"0":14,"1":42,"2":42,"3":1,"4":0,"5":0},"b":{"0":[14,1]},"meta":{"lastBranch":1,"lastFunction":6,"lastStatement":15,"seen":{"f:12:9:12:14":0,"s:13:21:15:Infinity":0,"f:13:21:13:44":1,"s:14:4:14:Infinity":1,"s:16:21:16:Infinity":2,"f:16:21:16:44":2,"s:16:54:16:70":3,"s:18:22:18:Infinity":4,"b:18:22:18:34:18:34:18:Infinity":0,"s:19:16:19:Infinity":5,"s:21:20:24:Infinity":6,"s:26:8:28:Infinity":7,"f:26:8:26:28":3,"s:27:4:27:Infinity":8,"s:30:8:32:Infinity":9,"f:30:8:30:31":4,"s:31:4:31:Infinity":10,"s:34:8:37:Infinity":11,"f:34:8:34:32":5,"s:35:4:35:Infinity":12,"s:36:4:36:Infinity":13,"s:39:2:65:Infinity":14},"fnNames":{}}}
,"/Users/mari/pokemon-app/src/components/CardList/CardList.tsx": {"path":"/Users/mari/pokemon-app/src/components/CardList/CardList.tsx","statementMap":{"0":{"start":{"line":6,"column":2},"end":{"line":8,"column":null}},"1":{"start":{"line":7,"column":4},"end":{"line":7,"column":null}},"2":{"start":{"line":10,"column":2},"end":{"line":22,"column":null}},"3":{"start":{"line":13,"column":8},"end":{"line":20,"column":null}},"4":{"start":{"line":19,"column":39},"end":{"line":19,"column":62}}},"fnMap":{"0":{"name":"CardList","decl":{"start":{"line":5,"column":9},"end":{"line":5,"column":18}},"loc":{"start":{"line":5,"column":57},"end":{"line":24,"column":null}},"line":5},"1":{"name":"(anonymous_1)","decl":{"start":{"line":12,"column":13},"end":{"line":12,"column":18}},"loc":{"start":{"line":13,"column":8},"end":{"line":20,"column":null}},"line":13},"2":{"name":"(anonymous_2)","decl":{"start":{"line":19,"column":19},"end":{"line":19,"column":39}},"loc":{"start":{"line":19,"column":39},"end":{"line":19,"column":62}},"line":19}},"branchMap":{"0":{"loc":{"start":{"line":6,"column":2},"end":{"line":8,"column":null}},"type":"if","locations":[{"start":{"line":6,"column":2},"end":{"line":8,"column":null}},{"start":{},"end":{}}],"line":6},"1":{"loc":{"start":{"line":19,"column":19},"end":{"line":19,"column":null}},"type":"cond-expr","locations":[{"start":{"line":19,"column":19},"end":{"line":19,"column":62}},{"start":{"line":19,"column":62},"end":{"line":19,"column":null}}],"line":19}},"s":{"0":8,"1":4,"2":4,"3":6,"4":0},"f":{"0":8,"1":6,"2":0},"b":{"0":[4,4],"1":[0,4]},"meta":{"lastBranch":2,"lastFunction":3,"lastStatement":5,"seen":{"f:5:9:5:18":0,"b:6:2:8:Infinity:undefined:undefined:undefined:undefined":0,"s:6:2:8:Infinity":0,"s:7:4:7:Infinity":1,"s:10:2:22:Infinity":2,"f:12:13:12:18":1,"s:13:8:20:Infinity":3,"b:19:19:19:62:19:62:19:Infinity":1,"f:19:19:19:39":2,"s:19:39:19:62":4},"fnNames":{}}}
,"/Users/mari/pokemon-app/src/components/CardListSkeleton/CardListSkeleton.tsx": {"path":"/Users/mari/pokemon-app/src/components/CardListSkeleton/CardListSkeleton.tsx","statementMap":{"0":{"start":{"line":4,"column":23},"end":{"line":4,"column":null}},"1":{"start":{"line":4,"column":59},"end":{"line":4,"column":60}},"2":{"start":{"line":6,"column":2},"end":{"line":21,"column":null}},"3":{"start":{"line":9,"column":8},"end":{"line":19,"column":null}}},"fnMap":{"0":{"name":"CardListSkeleton","decl":{"start":{"line":3,"column":9},"end":{"line":3,"column":28}},"loc":{"start":{"line":3,"column":28},"end":{"line":23,"column":null}},"line":3},"1":{"name":"(anonymous_1)","decl":{"start":{"line":4,"column":46},"end":{"line":4,"column":50}},"loc":{"start":{"line":4,"column":59},"end":{"line":4,"column":60}},"line":4},"2":{"name":"(anonymous_2)","decl":{"start":{"line":8,"column":20},"end":{"line":8,"column":25}},"loc":{"start":{"line":9,"column":8},"end":{"line":19,"column":null}},"line":9}},"branchMap":{},"s":{"0":10,"1":80,"2":10,"3":80},"f":{"0":10,"1":80,"2":80},"b":{},"meta":{"lastBranch":0,"lastFunction":3,"lastStatement":4,"seen":{"f:3:9:3:28":0,"s:4:23:4:Infinity":0,"f:4:46:4:50":1,"s:4:59:4:60":1,"s:6:2:21:Infinity":2,"f:8:20:8:25":2,"s:9:8:19:Infinity":3},"fnNames":{}}}
,"/Users/mari/pokemon-app/src/components/ErrorBoundary/ErrorBoundary.tsx": {"path":"/Users/mari/pokemon-app/src/components/ErrorBoundary/ErrorBoundary.tsx","statementMap":{"0":{"start":{"line":10,"column":30},"end":{"line":12,"column":null}},"1":{"start":{"line":22,"column":2},"end":{"line":24,"column":null}},"2":{"start":{"line":15,"column":4},"end":{"line":15,"column":null}},"3":{"start":{"line":19,"column":4},"end":{"line":19,"column":null}},"4":{"start":{"line":23,"column":4},"end":{"line":23,"column":null}},"5":{"start":{"line":27,"column":4},"end":{"line":40,"column":null}},"6":{"start":{"line":28,"column":6},"end":{"line":38,"column":null}},"7":{"start":{"line":42,"column":4},"end":{"line":42,"column":null}}},"fnMap":{"0":{"name":"getDerivedStateFromError","decl":{"start":{"line":14,"column":9},"end":{"line":14,"column":56}},"loc":{"start":{"line":14,"column":56},"end":{"line":16,"column":null}},"line":14},"1":{"name":"componentDidCatch","decl":{"start":{"line":18,"column":2},"end":{"line":18,"column":20}},"loc":{"start":{"line":18,"column":56},"end":{"line":20,"column":null}},"line":18},"2":{"name":"(anonymous_2)","decl":{"start":{"line":22,"column":2},"end":{"line":22,"column":22}},"loc":{"start":{"line":22,"column":22},"end":{"line":24,"column":null}},"line":22},"3":{"name":"render","decl":{"start":{"line":26,"column":2},"end":{"line":26,"column":11}},"loc":{"start":{"line":26,"column":11},"end":{"line":43,"column":null}},"line":26}},"branchMap":{"0":{"loc":{"start":{"line":27,"column":4},"end":{"line":40,"column":null}},"type":"if","locations":[{"start":{"line":27,"column":4},"end":{"line":40,"column":null}},{"start":{},"end":{}}],"line":27}},"s":{"0":12,"1":1,"2":10,"3":5,"4":1,"5":22,"6":10,"7":12},"f":{"0":12,"1":5,"2":1,"3":22},"b":{"0":[10,12]},"meta":{"lastBranch":1,"lastFunction":4,"lastStatement":8,"seen":{"s:10:30:12:Infinity":0,"s:22:2:24:Infinity":1,"f:14:9:14:56":0,"s:15:4:15:Infinity":2,"f:18:2:18:20":1,"s:19:4:19:Infinity":3,"f:22:2:22:22":2,"s:23:4:23:Infinity":4,"f:26:2:26:11":3,"b:27:4:40:Infinity:undefined:undefined:undefined:undefined":0,"s:27:4:40:Infinity":5,"s:28:6:38:Infinity":6,"s:42:4:42:Infinity":7},"fnNames":{}}}
,"/Users/mari/pokemon-app/src/components/ErrorMessage/ErrorMessage.tsx": {"path":"/Users/mari/pokemon-app/src/components/ErrorMessage/ErrorMessage.tsx","statementMap":{"0":{"start":{"line":5,"column":2},"end":{"line":13,"column":null}}},"fnMap":{"0":{"name":"ErrorMessage","decl":{"start":{"line":4,"column":9},"end":{"line":4,"column":22}},"loc":{"start":{"line":4,"column":54},"end":{"line":15,"column":null}},"line":4}},"branchMap":{},"s":{"0":4},"f":{"0":4},"b":{},"meta":{"lastBranch":0,"lastFunction":1,"lastStatement":1,"seen":{"f:4:9:4:22":0,"s:5:2:13:Infinity":0},"fnNames":{}}}
,"/Users/mari/pokemon-app/src/components/Flyout/Flyout.tsx": {"path":"/Users/mari/pokemon-app/src/components/Flyout/Flyout.tsx","statementMap":{"0":{"start":{"line":7,"column":24},"end":{"line":7,"column":null}},"1":{"start":{"line":7,"column":57},"end":{"line":7,"column":76}},"2":{"start":{"line":8,"column":22},"end":{"line":8,"column":null}},"3":{"start":{"line":8,"column":55},"end":{"line":8,"column":72}},"4":{"start":{"line":10,"column":16},"end":{"line":10,"column":null}},"5":{"start":{"line":12,"column":2},"end":{"line":14,"column":null}},"6":{"start":{"line":13,"column":4},"end":{"line":13,"column":null}},"7":{"start":{"line":16,"column":44},"end":{"line":16,"column":null}},"8":{"start":{"line":18,"column":2},"end":{"line":50,"column":null}},"9":{"start":{"line":23,"column":12},"end":{"line":28,"column":null}},"10":{"start":{"line":45,"column":25},"end":{"line":45,"column":null}}},"fnMap":{"0":{"name":"Flyout","decl":{"start":{"line":6,"column":9},"end":{"line":6,"column":18}},"loc":{"start":{"line":6,"column":18},"end":{"line":52,"column":null}},"line":6},"1":{"name":"(anonymous_1)","decl":{"start":{"line":7,"column":24},"end":{"line":7,"column":47}},"loc":{"start":{"line":7,"column":57},"end":{"line":7,"column":76}},"line":7},"2":{"name":"(anonymous_2)","decl":{"start":{"line":8,"column":22},"end":{"line":8,"column":45}},"loc":{"start":{"line":8,"column":55},"end":{"line":8,"column":72}},"line":8},"3":{"name":"(anonymous_3)","decl":{"start":{"line":22,"column":29},"end":{"line":22,"column":34}},"loc":{"start":{"line":23,"column":12},"end":{"line":28,"column":null}},"line":23},"4":{"name":"(anonymous_4)","decl":{"start":{"line":45,"column":10},"end":{"line":45,"column":25}},"loc":{"start":{"line":45,"column":25},"end":{"line":45,"column":null}},"line":45}},"branchMap":{"0":{"loc":{"start":{"line":12,"column":2},"end":{"line":14,"column":null}},"type":"if","locations":[{"start":{"line":12,"column":2},"end":{"line":14,"column":null}},{"start":{},"end":{}}],"line":12},"1":{"loc":{"start":{"line":30,"column":11},"end":{"line":33,"column":null}},"type":"binary-expr","locations":[{"start":{"line":30,"column":11},"end":{"line":30,"column":null}},{"start":{"line":31,"column":12},"end":{"line":33,"column":null}}],"line":30},"2":{"loc":{"start":{"line":35,"column":26},"end":{"line":35,"column":64}},"type":"cond-expr","locations":[{"start":{"line":35,"column":47},"end":{"line":35,"column":56}},{"start":{"line":35,"column":56},"end":{"line":35,"column":64}}],"line":35}},"s":{"0":1,"1":3,"2":1,"3":3,"4":1,"5":1,"6":1,"7":0,"8":0,"9":0,"10":0},"f":{"0":1,"1":3,"2":3,"3":0,"4":0},"b":{"0":[1,0],"1":[0,0],"2":[0,0]},"meta":{"lastBranch":3,"lastFunction":5,"lastStatement":11,"seen":{"f:6:9:6:18":0,"s:7:24:7:Infinity":0,"f:7:24:7:47":1,"s:7:57:7:76":1,"s:8:22:8:Infinity":2,"f:8:22:8:45":2,"s:8:55:8:72":3,"s:10:16:10:Infinity":4,"b:12:2:14:Infinity:undefined:undefined:undefined:undefined":0,"s:12:2:14:Infinity":5,"s:13:4:13:Infinity":6,"s:16:44:16:Infinity":7,"s:18:2:50:Infinity":8,"f:22:29:22:34":3,"s:23:12:28:Infinity":9,"b:30:11:30:Infinity:31:12:33:Infinity":1,"b:35:47:35:56:35:56:35:64":2,"f:45:10:45:25":4,"s:45:25:45:Infinity":10},"fnNames":{}}}
,"/Users/mari/pokemon-app/src/components/Flyout/flyoutHelpers.ts": {"path":"/Users/mari/pokemon-app/src/components/Flyout/flyoutHelpers.ts","statementMap":{"0":{"start":{"line":3,"column":30},"end":{"line":3,"column":null}},"1":{"start":{"line":11,"column":28},"end":{"line":11,"column":null}},"2":{"start":{"line":12,"column":21},"end":{"line":12,"column":null}},"3":{"start":{"line":13,"column":2},"end":{"line":13,"column":null}}},"fnMap":{"0":{"name":"getFlyoutSummary","decl":{"start":{"line":10,"column":16},"end":{"line":10,"column":33}},"loc":{"start":{"line":10,"column":71},"end":{"line":14,"column":null}},"line":10}},"branchMap":{},"s":{"0":2,"1":3,"2":3,"3":3},"f":{"0":3},"b":{},"meta":{"lastBranch":0,"lastFunction":1,"lastStatement":4,"seen":{"s:3:30:3:Infinity":0,"f:10:16:10:33":0,"s:11:28:11:Infinity":1,"s:12:21:12:Infinity":2,"s:13:2:13:Infinity":3},"fnNames":{}}}
,"/Users/mari/pokemon-app/src/components/Header/Header.tsx": {"path":"/Users/mari/pokemon-app/src/components/Header/Header.tsx","statementMap":{"0":{"start":{"line":6,"column":2},"end":{"line":8,"column":null}},"1":{"start":{"line":12,"column":2},"end":{"line":30,"column":null}}},"fnMap":{"0":{"name":"getNavLinkClass","decl":{"start":{"line":5,"column":9},"end":{"line":5,"column":25}},"loc":{"start":{"line":5,"column":70},"end":{"line":9,"column":null}},"line":5},"1":{"name":"Header","decl":{"start":{"line":11,"column":9},"end":{"line":11,"column":18}},"loc":{"start":{"line":11,"column":18},"end":{"line":32,"column":null}},"line":11}},"branchMap":{"0":{"loc":{"start":{"line":6,"column":9},"end":{"line":8,"column":null}},"type":"cond-expr","locations":[{"start":{"line":7,"column":6},"end":{"line":7,"column":null}},{"start":{"line":8,"column":6},"end":{"line":8,"column":null}}],"line":6}},"s":{"0":38,"1":19},"f":{"0":38,"1":19},"b":{"0":[19,19]},"meta":{"lastBranch":1,"lastFunction":2,"lastStatement":2,"seen":{"f:5:9:5:25":0,"s:6:2:8:Infinity":0,"b:7:6:7:Infinity:8:6:8:Infinity":0,"f:11:9:11:18":1,"s:12:2:30:Infinity":1},"fnNames":{}}}
,"/Users/mari/pokemon-app/src/components/Loader/Loader.tsx": {"path":"/Users/mari/pokemon-app/src/components/Loader/Loader.tsx","statementMap":{"0":{"start":{"line":4,"column":2},"end":{"line":7,"column":null}}},"fnMap":{"0":{"name":"Loader","decl":{"start":{"line":3,"column":9},"end":{"line":3,"column":18}},"loc":{"start":{"line":3,"column":18},"end":{"line":9,"column":null}},"line":3}},"branchMap":{},"s":{"0":8},"f":{"0":8},"b":{},"meta":{"lastBranch":0,"lastFunction":1,"lastStatement":1,"seen":{"f:3:9:3:18":0,"s:4:2:7:Infinity":0},"fnNames":{}}}
,"/Users/mari/pokemon-app/src/components/Pagination/Pagination.tsx": {"path":"/Users/mari/pokemon-app/src/components/Pagination/Pagination.tsx","statementMap":{"0":{"start":{"line":9,"column":2},"end":{"line":11,"column":null}},"1":{"start":{"line":10,"column":4},"end":{"line":10,"column":null}},"2":{"start":{"line":13,"column":2},"end":{"line":32,"column":null}},"3":{"start":{"line":17,"column":23},"end":{"line":17,"column":null}},"4":{"start":{"line":27,"column":23},"end":{"line":27,"column":null}}},"fnMap":{"0":{"name":"Pagination","decl":{"start":{"line":4,"column":9},"end":{"line":4,"column":20}},"loc":{"start":{"line":8,"column":20},"end":{"line":34,"column":null}},"line":8},"1":{"name":"(anonymous_1)","decl":{"start":{"line":17,"column":8},"end":{"line":17,"column":23}},"loc":{"start":{"line":17,"column":23},"end":{"line":17,"column":null}},"line":17},"2":{"name":"(anonymous_2)","decl":{"start":{"line":27,"column":8},"end":{"line":27,"column":23}},"loc":{"start":{"line":27,"column":23},"end":{"line":27,"column":null}},"line":27}},"branchMap":{"0":{"loc":{"start":{"line":9,"column":2},"end":{"line":11,"column":null}},"type":"if","locations":[{"start":{"line":9,"column":2},"end":{"line":11,"column":null}},{"start":{},"end":{}}],"line":9}},"s":{"0":5,"1":5,"2":0,"3":0,"4":0},"f":{"0":5,"1":0,"2":0},"b":{"0":[5,0]},"meta":{"lastBranch":1,"lastFunction":3,"lastStatement":5,"seen":{"f:4:9:4:20":0,"b:9:2:11:Infinity:undefined:undefined:undefined:undefined":0,"s:9:2:11:Infinity":0,"s:10:4:10:Infinity":1,"s:13:2:32:Infinity":2,"f:17:8:17:23":1,"s:17:23:17:Infinity":3,"f:27:8:27:23":2,"s:27:23:27:Infinity":4},"fnNames":{}}}
,"/Users/mari/pokemon-app/src/components/RefreshButton/RefreshButton.tsx": {"path":"/Users/mari/pokemon-app/src/components/RefreshButton/RefreshButton.tsx","statementMap":{"0":{"start":{"line":5,"column":2},"end":{"line":18,"column":null}}},"fnMap":{"0":{"name":"RefreshButton","decl":{"start":{"line":4,"column":9},"end":{"line":4,"column":23}},"loc":{"start":{"line":4,"column":68},"end":{"line":20,"column":null}},"line":4}},"branchMap":{"0":{"loc":{"start":{"line":10,"column":18},"end":{"line":10,"column":null}},"type":"cond-expr","locations":[{"start":{"line":10,"column":31},"end":{"line":10,"column":46}},{"start":{"line":10,"column":46},"end":{"line":10,"column":null}}],"line":10},"1":{"loc":{"start":{"line":13,"column":43},"end":{"line":13,"column":null}},"type":"cond-expr","locations":[{"start":{"line":13,"column":56},"end":{"line":13,"column":91}},{"start":{"line":13,"column":91},"end":{"line":13,"column":null}}],"line":13},"2":{"loc":{"start":{"line":17,"column":7},"end":{"line":17,"column":null}},"type":"cond-expr","locations":[{"start":{"line":17,"column":20},"end":{"line":17,"column":35}},{"start":{"line":17,"column":35},"end":{"line":17,"column":null}}],"line":17}},"s":{"0":26},"f":{"0":26},"b":{"0":[10,16],"1":[10,16],"2":[10,16]},"meta":{"lastBranch":3,"lastFunction":1,"lastStatement":1,"seen":{"f:4:9:4:23":0,"s:5:2:18:Infinity":0,"b:10:31:10:46:10:46:10:Infinity":0,"b:13:56:13:91:13:91:13:Infinity":1,"b:17:20:17:35:17:35:17:Infinity":2},"fnNames":{}}}
,"/Users/mari/pokemon-app/src/components/Search/Search.tsx": {"path":"/Users/mari/pokemon-app/src/components/Search/Search.tsx","statementMap":{"0":{"start":{"line":7,"column":38},"end":{"line":7,"column":null}},"1":{"start":{"line":9,"column":8},"end":{"line":11,"column":null}},"2":{"start":{"line":10,"column":4},"end":{"line":10,"column":null}},"3":{"start":{"line":13,"column":8},"end":{"line":17,"column":null}},"4":{"start":{"line":14,"column":4},"end":{"line":16,"column":null}},"5":{"start":{"line":15,"column":6},"end":{"line":15,"column":null}},"6":{"start":{"line":19,"column":2},"end":{"line":32,"column":null}}},"fnMap":{"0":{"name":"Search","decl":{"start":{"line":6,"column":9},"end":{"line":6,"column":16}},"loc":{"start":{"line":6,"column":43},"end":{"line":34,"column":null}},"line":6},"1":{"name":"(anonymous_1)","decl":{"start":{"line":9,"column":8},"end":{"line":9,"column":24}},"loc":{"start":{"line":9,"column":61},"end":{"line":11,"column":null}},"line":9},"2":{"name":"(anonymous_2)","decl":{"start":{"line":13,"column":8},"end":{"line":13,"column":25}},"loc":{"start":{"line":13,"column":64},"end":{"line":17,"column":null}},"line":13}},"branchMap":{"0":{"loc":{"start":{"line":14,"column":4},"end":{"line":16,"column":null}},"type":"if","locations":[{"start":{"line":14,"column":4},"end":{"line":16,"column":null}},{"start":{},"end":{}}],"line":14}},"s":{"0":90,"1":90,"2":61,"3":90,"4":62,"5":1,"6":90},"f":{"0":90,"1":61,"2":62},"b":{"0":[1,61]},"meta":{"lastBranch":1,"lastFunction":3,"lastStatement":7,"seen":{"f:6:9:6:16":0,"s:7:38:7:Infinity":0,"s:9:8:11:Infinity":1,"f:9:8:9:24":1,"s:10:4:10:Infinity":2,"s:13:8:17:Infinity":3,"f:13:8:13:25":2,"b:14:4:16:Infinity:undefined:undefined:undefined:undefined":0,"s:14:4:16:Infinity":4,"s:15:6:15:Infinity":5,"s:19:2:32:Infinity":6},"fnNames":{}}}
,"/Users/mari/pokemon-app/src/components/ThemeToggle/ThemeToggle.tsx": {"path":"/Users/mari/pokemon-app/src/components/ThemeToggle/ThemeToggle.tsx","statementMap":{"0":{"start":{"line":5,"column":33},"end":{"line":5,"column":42}},"1":{"start":{"line":6,"column":17},"end":{"line":6,"column":null}},"2":{"start":{"line":8,"column":2},"end":{"line":16,"column":null}}},"fnMap":{"0":{"name":"ThemeToggle","decl":{"start":{"line":4,"column":9},"end":{"line":4,"column":23}},"loc":{"start":{"line":4,"column":23},"end":{"line":18,"column":null}},"line":4}},"branchMap":{},"s":{"0":19,"1":19,"2":19},"f":{"0":19},"b":{},"meta":{"lastBranch":0,"lastFunction":1,"lastStatement":3,"seen":{"f:4:9:4:23":0,"s:5:33:5:42":0,"s:6:17:6:Infinity":1,"s:8:2:16:Infinity":2},"fnNames":{}}}
,"/Users/mari/pokemon-app/src/context/ThemeContext.tsx": {"path":"/Users/mari/pokemon-app/src/context/ThemeContext.tsx","statementMap":{"0":{"start":{"line":5,"column":21},"end":{"line":5,"column":null}},"1":{"start":{"line":8,"column":28},"end":{"line":8,"column":null}},"2":{"start":{"line":10,"column":2},"end":{"line":12,"column":null}},"3":{"start":{"line":11,"column":4},"end":{"line":11,"column":null}},"4":{"start":{"line":14,"column":8},"end":{"line":16,"column":null}},"5":{"start":{"line":15,"column":4},"end":{"line":15,"column":null}},"6":{"start":{"line":15,"column":24},"end":{"line":15,"column":60}},"7":{"start":{"line":18,"column":2},"end":{"line":21,"column":null}},"8":{"start":{"line":26,"column":18},"end":{"line":26,"column":null}},"9":{"start":{"line":27,"column":2},"end":{"line":29,"column":null}},"10":{"start":{"line":28,"column":4},"end":{"line":28,"column":null}},"11":{"start":{"line":30,"column":2},"end":{"line":30,"column":null}}},"fnMap":{"0":{"name":"ThemeProvider","decl":{"start":{"line":7,"column":16},"end":{"line":7,"column":30}},"loc":{"start":{"line":7,"column":69},"end":{"line":23,"column":null}},"line":7},"1":{"name":"(anonymous_1)","decl":{"start":{"line":10,"column":2},"end":{"line":10,"column":18}},"loc":{"start":{"line":10,"column":18},"end":{"line":12,"column":5}},"line":10},"2":{"name":"(anonymous_2)","decl":{"start":{"line":14,"column":8},"end":{"line":14,"column":28}},"loc":{"start":{"line":14,"column":28},"end":{"line":16,"column":null}},"line":14},"3":{"name":"(anonymous_3)","decl":{"start":{"line":15,"column":4},"end":{"line":15,"column":14}},"loc":{"start":{"line":15,"column":24},"end":{"line":15,"column":60}},"line":15},"4":{"name":"useTheme","decl":{"start":{"line":25,"column":16},"end":{"line":25,"column":46}},"loc":{"start":{"line":25,"column":46},"end":{"line":31,"column":null}},"line":25}},"branchMap":{"0":{"loc":{"start":{"line":15,"column":24},"end":{"line":15,"column":60}},"type":"cond-expr","locations":[{"start":{"line":15,"column":43},"end":{"line":15,"column":52}},{"start":{"line":15,"column":52},"end":{"line":15,"column":60}}],"line":15},"1":{"loc":{"start":{"line":27,"column":2},"end":{"line":29,"column":null}},"type":"if","locations":[{"start":{"line":27,"column":2},"end":{"line":29,"column":null}},{"start":{},"end":{}}],"line":27}},"s":{"0":7,"1":15,"2":15,"3":15,"4":15,"5":1,"6":1,"7":15,"8":26,"9":26,"10":2,"11":23},"f":{"0":15,"1":15,"2":1,"3":1,"4":26},"b":{"0":[1,0],"1":[2,24]},"meta":{"lastBranch":2,"lastFunction":5,"lastStatement":12,"seen":{"s:5:21:5:Infinity":0,"f:7:16:7:30":0,"s:8:28:8:Infinity":1,"s:10:2:12:Infinity":2,"f:10:2:10:18":1,"s:11:4:11:Infinity":3,"s:14:8:16:Infinity":4,"f:14:8:14:28":2,"s:15:4:15:Infinity":5,"f:15:4:15:14":3,"s:15:24:15:60":6,"b:15:43:15:52:15:52:15:60":0,"s:18:2:21:Infinity":7,"f:25:16:25:46":4,"s:26:18:26:Infinity":8,"b:27:2:29:Infinity:undefined:undefined:undefined:undefined":1,"s:27:2:29:Infinity":9,"s:28:4:28:Infinity":10,"s:30:2:30:Infinity":11},"fnNames":{}}}
,"/Users/mari/pokemon-app/src/hooks/usePokemonDetailsQuery.ts": {"path":"/Users/mari/pokemon-app/src/hooks/usePokemonDetailsQuery.ts","statementMap":{"0":{"start":{"line":5,"column":2},"end":{"line":9,"column":null}},"1":{"start":{"line":7,"column":19},"end":{"line":7,"column":null}}},"fnMap":{"0":{"name":"usePokemonDetailsQuery","decl":{"start":{"line":4,"column":16},"end":{"line":4,"column":39}},"loc":{"start":{"line":4,"column":63},"end":{"line":10,"column":null}},"line":4},"1":{"name":"(anonymous_1)","decl":{"start":{"line":7,"column":4},"end":{"line":7,"column":19}},"loc":{"start":{"line":7,"column":19},"end":{"line":7,"column":null}},"line":7}},"branchMap":{},"s":{"0":23,"1":12},"f":{"0":23,"1":12},"b":{},"meta":{"lastBranch":0,"lastFunction":2,"lastStatement":2,"seen":{"f:4:16:4:39":0,"s:5:2:9:Infinity":0,"f:7:4:7:19":1,"s:7:19:7:Infinity":1},"fnNames":{}}}
,"/Users/mari/pokemon-app/src/hooks/usePokemonListQuery.ts": {"path":"/Users/mari/pokemon-app/src/hooks/usePokemonListQuery.ts","statementMap":{"0":{"start":{"line":10,"column":18},"end":{"line":10,"column":null}},"1":{"start":{"line":21,"column":2},"end":{"line":24,"column":null}},"2":{"start":{"line":22,"column":20},"end":{"line":22,"column":null}},"3":{"start":{"line":23,"column":4},"end":{"line":23,"column":null}},"4":{"start":{"line":26,"column":8},"end":{"line":26,"column":null}},"5":{"start":{"line":27,"column":15},"end":{"line":27,"column":null}},"6":{"start":{"line":28,"column":16},"end":{"line":28,"column":null}},"7":{"start":{"line":28,"column":40},"end":{"line":28,"column":46}},"8":{"start":{"line":29,"column":18},"end":{"line":29,"column":null}},"9":{"start":{"line":31,"column":2},"end":{"line":34,"column":null}},"10":{"start":{"line":38,"column":2},"end":{"line":41,"column":null}},"11":{"start":{"line":40,"column":19},"end":{"line":40,"column":null}}},"fnMap":{"0":{"name":"fetchPokemonPageData","decl":{"start":{"line":17,"column":15},"end":{"line":17,"column":null}},"loc":{"start":{"line":20,"column":30},"end":{"line":35,"column":null}},"line":20},"1":{"name":"(anonymous_1)","decl":{"start":{"line":28,"column":29},"end":{"line":28,"column":34}},"loc":{"start":{"line":28,"column":40},"end":{"line":28,"column":46}},"line":28},"2":{"name":"usePokemonListQuery","decl":{"start":{"line":37,"column":16},"end":{"line":37,"column":36}},"loc":{"start":{"line":37,"column":64},"end":{"line":42,"column":null}},"line":37},"3":{"name":"(anonymous_3)","decl":{"start":{"line":40,"column":4},"end":{"line":40,"column":19}},"loc":{"start":{"line":40,"column":19},"end":{"line":40,"column":null}},"line":40}},"branchMap":{"0":{"loc":{"start":{"line":21,"column":2},"end":{"line":24,"column":null}},"type":"if","locations":[{"start":{"line":21,"column":2},"end":{"line":24,"column":null}},{"start":{},"end":{}}],"line":21}},"s":{"0":3,"1":12,"2":2,"3":2,"4":10,"5":10,"6":8,"7":3,"8":8,"9":8,"10":23,"11":12},"f":{"0":12,"1":3,"2":23,"3":12},"b":{"0":[2,10]},"meta":{"lastBranch":1,"lastFunction":4,"lastStatement":12,"seen":{"s:10:18:10:Infinity":0,"f:17:15:17:Infinity":0,"b:21:2:24:Infinity:undefined:undefined:undefined:undefined":0,"s:21:2:24:Infinity":1,"s:22:20:22:Infinity":2,"s:23:4:23:Infinity":3,"s:26:8:26:Infinity":4,"s:27:15:27:Infinity":5,"s:28:16:28:Infinity":6,"f:28:29:28:34":1,"s:28:40:28:46":7,"s:29:18:29:Infinity":8,"s:31:2:34:Infinity":9,"f:37:16:37:36":2,"s:38:2:41:Infinity":10,"f:40:4:40:19":3,"s:40:19:40:Infinity":11},"fnNames":{}}}
,"/Users/mari/pokemon-app/src/hooks/useSearchTerm.ts": {"path":"/Users/mari/pokemon-app/src/hooks/useSearchTerm.ts","statementMap":{"0":{"start":{"line":5,"column":28},"end":{"line":5,"column":null}},"1":{"start":{"line":5,"column":51},"end":{"line":5,"column":74}},"2":{"start":{"line":7,"column":8},"end":{"line":12,"column":null}},"3":{"start":{"line":8,"column":24},"end":{"line":8,"column":null}},"4":{"start":{"line":9,"column":4},"end":{"line":11,"column":null}},"5":{"start":{"line":10,"column":6},"end":{"line":10,"column":null}},"6":{"start":{"line":14,"column":2},"end":{"line":14,"column":null}}},"fnMap":{"0":{"name":"useSearchTerm","decl":{"start":{"line":4,"column":16},"end":{"line":4,"column":30}},"loc":{"start":{"line":4,"column":64},"end":{"line":15,"column":null}},"line":4},"1":{"name":"(anonymous_1)","decl":{"start":{"line":5,"column":28},"end":{"line":5,"column":51}},"loc":{"start":{"line":5,"column":51},"end":{"line":5,"column":74}},"line":5},"2":{"name":"(anonymous_2)","decl":{"start":{"line":7,"column":8},"end":{"line":7,"column":23}},"loc":{"start":{"line":7,"column":23},"end":{"line":12,"column":null}},"line":7}},"branchMap":{"0":{"loc":{"start":{"line":9,"column":4},"end":{"line":11,"column":null}},"type":"if","locations":[{"start":{"line":9,"column":4},"end":{"line":11,"column":null}},{"start":{},"end":{}}],"line":9}},"s":{"0":90,"1":16,"2":90,"3":7,"4":7,"5":6,"6":90},"f":{"0":90,"1":16,"2":7},"b":{"0":[6,1]},"meta":{"lastBranch":1,"lastFunction":3,"lastStatement":7,"seen":{"f:4:16:4:30":0,"s:5:28:5:Infinity":0,"f:5:28:5:51":1,"s:5:51:5:74":1,"s:7:8:12:Infinity":2,"f:7:8:7:23":2,"s:8:24:8:Infinity":3,"b:9:4:11:Infinity:undefined:undefined:undefined:undefined":0,"s:9:4:11:Infinity":4,"s:10:6:10:Infinity":5,"s:14:2:14:Infinity":6},"fnNames":{}}}
,"/Users/mari/pokemon-app/src/lib/queryClient.ts": {"path":"/Users/mari/pokemon-app/src/lib/queryClient.ts","statementMap":{"0":{"start":{"line":3,"column":21},"end":{"line":3,"column":null}},"1":{"start":{"line":5,"column":27},"end":{"line":12,"column":null}}},"fnMap":{},"branchMap":{"0":{"loc":{"start":{"line":3,"column":28},"end":{"line":3,"column":78}},"type":"binary-expr","locations":[{"start":{"line":3,"column":28},"end":{"line":3,"column":65}},{"start":{"line":3,"column":65},"end":{"line":3,"column":78}}],"line":3}},"s":{"0":1,"1":1},"f":{},"b":{"0":[1,0]},"meta":{"lastBranch":1,"lastFunction":0,"lastStatement":2,"seen":{"s:3:21:3:Infinity":0,"b:3:28:3:65:3:65:3:78":0,"s:5:27:12:Infinity":1},"fnNames":{}}}
,"/Users/mari/pokemon-app/src/pages/HomePage.tsx": {"path":"/Users/mari/pokemon-app/src/pages/HomePage.tsx","statementMap":{"0":{"start":{"line":21,"column":42},"end":{"line":21,"column":58}},"1":{"start":{"line":22,"column":19},"end":{"line":22,"column":31}},"2":{"start":{"line":23,"column":19},"end":{"line":23,"column":31}},"3":{"start":{"line":24,"column":22},"end":{"line":24,"column":37}},"4":{"start":{"line":26,"column":26},"end":{"line":26,"column":null}},"5":{"start":{"line":27,"column":15},"end":{"line":27,"column":null}},"6":{"start":{"line":28,"column":24},"end":{"line":28,"column":null}},"7":{"start":{"line":30,"column":58},"end":{"line":33,"column":null}},"8":{"start":{"line":34,"column":16},"end":{"line":34,"column":null}},"9":{"start":{"line":35,"column":21},"end":{"line":35,"column":null}},"10":{"start":{"line":37,"column":8},"end":{"line":40,"column":null}},"11":{"start":{"line":38,"column":4},"end":{"line":38,"column":null}},"12":{"start":{"line":39,"column":4},"end":{"line":39,"column":null}},"13":{"start":{"line":42,"column":8},"end":{"line":44,"column":null}},"14":{"start":{"line":43,"column":4},"end":{"line":43,"column":null}},"15":{"start":{"line":46,"column":8},"end":{"line":48,"column":null}},"16":{"start":{"line":47,"column":4},"end":{"line":47,"column":null}},"17":{"start":{"line":50,"column":8},"end":{"line":52,"column":null}},"18":{"start":{"line":51,"column":4},"end":{"line":51,"column":null}},"19":{"start":{"line":54,"column":2},"end":{"line":93,"column":null}}},"fnMap":{"0":{"name":"HomePage","decl":{"start":{"line":20,"column":9},"end":{"line":20,"column":20}},"loc":{"start":{"line":20,"column":20},"end":{"line":95,"column":null}},"line":20},"1":{"name":"(anonymous_1)","decl":{"start":{"line":37,"column":8},"end":{"line":37,"column":24}},"loc":{"start":{"line":37,"column":44},"end":{"line":40,"column":null}},"line":37},"2":{"name":"(anonymous_2)","decl":{"start":{"line":42,"column":8},"end":{"line":42,"column":28}},"loc":{"start":{"line":42,"column":48},"end":{"line":44,"column":null}},"line":42},"3":{"name":"(anonymous_3)","decl":{"start":{"line":46,"column":8},"end":{"line":46,"column":27}},"loc":{"start":{"line":46,"column":42},"end":{"line":48,"column":null}},"line":46},"4":{"name":"(anonymous_4)","decl":{"start":{"line":50,"column":8},"end":{"line":50,"column":30}},"loc":{"start":{"line":50,"column":30},"end":{"line":52,"column":null}},"line":50}},"branchMap":{"0":{"loc":{"start":{"line":27,"column":22},"end":{"line":27,"column":53}},"type":"binary-expr","locations":[{"start":{"line":27,"column":22},"end":{"line":27,"column":50}},{"start":{"line":27,"column":50},"end":{"line":27,"column":53}}],"line":27},"1":{"loc":{"start":{"line":34,"column":16},"end":{"line":34,"column":null}},"type":"binary-expr","locations":[{"start":{"line":34,"column":16},"end":{"line":34,"column":31}},{"start":{"line":34,"column":31},"end":{"line":34,"column":null}}],"line":34},"2":{"loc":{"start":{"line":35,"column":21},"end":{"line":35,"column":null}},"type":"binary-expr","locations":[{"start":{"line":35,"column":21},"end":{"line":35,"column":41}},{"start":{"line":35,"column":41},"end":{"line":35,"column":null}}],"line":35},"3":{"loc":{"start":{"line":61,"column":38},"end":{"line":61,"column":null}},"type":"cond-expr","locations":[{"start":{"line":61,"column":54},"end":{"line":61,"column":81}},{"start":{"line":61,"column":81},"end":{"line":61,"column":null}}],"line":61},"4":{"loc":{"start":{"line":67,"column":11},"end":{"line":67,"column":null}},"type":"binary-expr","locations":[{"start":{"line":67,"column":11},"end":{"line":67,"column":24}},{"start":{"line":67,"column":24},"end":{"line":67,"column":null}}],"line":67},"5":{"loc":{"start":{"line":68,"column":11},"end":{"line":73,"column":null}},"type":"binary-expr","locations":[{"start":{"line":68,"column":11},"end":{"line":68,"column":25}},{"start":{"line":68,"column":25},"end":{"line":68,"column":null}},{"start":{"line":69,"column":12},"end":{"line":73,"column":null}}],"line":68},"6":{"loc":{"start":{"line":71,"column":16},"end":{"line":71,"column":null}},"type":"cond-expr","locations":[{"start":{"line":71,"column":41},"end":{"line":71,"column":57}},{"start":{"line":71,"column":57},"end":{"line":71,"column":null}}],"line":71},"7":{"loc":{"start":{"line":75,"column":11},"end":{"line":83,"column":null}},"type":"binary-expr","locations":[{"start":{"line":75,"column":11},"end":{"line":75,"column":25}},{"start":{"line":75,"column":25},"end":{"line":75,"column":null}},{"start":{"line":76,"column":12},"end":{"line":83,"column":null}}],"line":75},"8":{"loc":{"start":{"line":86,"column":9},"end":{"line":91,"column":null}},"type":"binary-expr","locations":[{"start":{"line":86,"column":9},"end":{"line":86,"column":null}},{"start":{"line":87,"column":10},"end":{"line":91,"column":null}}],"line":86}},"s":{"0":14,"1":14,"2":14,"3":14,"4":14,"5":14,"6":14,"7":14,"8":14,"9":14,"10":14,"11":1,"12":1,"13":14,"14":0,"15":14,"16":0,"17":14,"18":1,"19":14},"f":{"0":14,"1":1,"2":0,"3":0,"4":1},"b":{"0":[14,1],"1":[14,9],"2":[14,9],"3":[0,14],"4":[14,8],"5":[14,6,1],"6":[1,0],"7":[14,6,5],"8":[14,0]},"meta":{"lastBranch":9,"lastFunction":5,"lastStatement":20,"seen":{"f:20:9:20:20":0,"s:21:42:21:58":0,"s:22:19:22:31":1,"s:23:19:23:31":2,"s:24:22:24:37":3,"s:26:26:26:Infinity":4,"s:27:15:27:Infinity":5,"b:27:22:27:50:27:50:27:53":0,"s:28:24:28:Infinity":6,"s:30:58:33:Infinity":7,"s:34:16:34:Infinity":8,"b:34:16:34:31:34:31:34:Infinity":1,"s:35:21:35:Infinity":9,"b:35:21:35:41:35:41:35:Infinity":2,"s:37:8:40:Infinity":10,"f:37:8:37:24":1,"s:38:4:38:Infinity":11,"s:39:4:39:Infinity":12,"s:42:8:44:Infinity":13,"f:42:8:42:28":2,"s:43:4:43:Infinity":14,"s:46:8:48:Infinity":15,"f:46:8:46:27":3,"s:47:4:47:Infinity":16,"s:50:8:52:Infinity":17,"f:50:8:50:30":4,"s:51:4:51:Infinity":18,"s:54:2:93:Infinity":19,"b:61:54:61:81:61:81:61:Infinity":3,"b:67:11:67:24:67:24:67:Infinity":4,"b:68:11:68:25:68:25:68:Infinity:69:12:73:Infinity":5,"b:71:41:71:57:71:57:71:Infinity":6,"b:75:11:75:25:75:25:75:Infinity:76:12:83:Infinity":7,"b:86:9:86:Infinity:87:10:91:Infinity":8},"fnNames":{}}}
,"/Users/mari/pokemon-app/src/pages/About/About.tsx": {"path":"/Users/mari/pokemon-app/src/pages/About/About.tsx","statementMap":{"0":{"start":{"line":4,"column":2},"end":{"line":19,"column":null}}},"fnMap":{"0":{"name":"About","decl":{"start":{"line":3,"column":9},"end":{"line":3,"column":17}},"loc":{"start":{"line":3,"column":17},"end":{"line":21,"column":null}},"line":3}},"branchMap":{},"s":{"0":2},"f":{"0":2},"b":{},"meta":{"lastBranch":0,"lastFunction":1,"lastStatement":1,"seen":{"f:3:9:3:17":0,"s:4:2:19:Infinity":0},"fnNames":{}}}
,"/Users/mari/pokemon-app/src/pages/NotFound/NotFound.tsx": {"path":"/Users/mari/pokemon-app/src/pages/NotFound/NotFound.tsx","statementMap":{"0":{"start":{"line":5,"column":2},"end":{"line":12,"column":null}}},"fnMap":{"0":{"name":"NotFound","decl":{"start":{"line":4,"column":9},"end":{"line":4,"column":20}},"loc":{"start":{"line":4,"column":20},"end":{"line":14,"column":null}},"line":4}},"branchMap":{},"s":{"0":2},"f":{"0":2},"b":{},"meta":{"lastBranch":0,"lastFunction":1,"lastStatement":1,"seen":{"f:4:9:4:20":0,"s:5:2:12:Infinity":0},"fnNames":{}}}
,"/Users/mari/pokemon-app/src/pages/PokemonDetails/DetailsContent.tsx": {"path":"/Users/mari/pokemon-app/src/pages/PokemonDetails/DetailsContent.tsx","statementMap":{"0":{"start":{"line":22,"column":22},"end":{"line":22,"column":null}},"1":{"start":{"line":23,"column":16},"end":{"line":23,"column":null}},"2":{"start":{"line":24,"column":20},"end":{"line":24,"column":null}},"3":{"start":{"line":26,"column":2},"end":{"line":42,"column":null}}},"fnMap":{"0":{"name":"DetailsContent","decl":{"start":{"line":16,"column":9},"end":{"line":16,"column":24}},"loc":{"start":{"line":21,"column":24},"end":{"line":44,"column":null}},"line":21}},"branchMap":{"0":{"loc":{"start":{"line":22,"column":22},"end":{"line":22,"column":null}},"type":"binary-expr","locations":[{"start":{"line":22,"column":22},"end":{"line":22,"column":53}},{"start":{"line":22,"column":53},"end":{"line":22,"column":null}}],"line":22}},"s":{"0":9,"1":9,"2":9,"3":9},"f":{"0":9},"b":{"0":[9,0]},"meta":{"lastBranch":1,"lastFunction":1,"lastStatement":4,"seen":{"f:16:9:16:24":0,"s:22:22:22:Infinity":0,"b:22:22:22:53:22:53:22:Infinity":0,"s:23:16:23:Infinity":1,"s:24:20:24:Infinity":2,"s:26:2:42:Infinity":3},"fnNames":{}}}
,"/Users/mari/pokemon-app/src/pages/PokemonDetails/DetailsError.tsx": {"path":"/Users/mari/pokemon-app/src/pages/PokemonDetails/DetailsError.tsx","statementMap":{"0":{"start":{"line":9,"column":2},"end":{"line":15,"column":null}}},"fnMap":{"0":{"name":"DetailsError","decl":{"start":{"line":8,"column":9},"end":{"line":8,"column":22}},"loc":{"start":{"line":8,"column":63},"end":{"line":17,"column":null}},"line":8}},"branchMap":{},"s":{"0":1},"f":{"0":1},"b":{},"meta":{"lastBranch":0,"lastFunction":1,"lastStatement":1,"seen":{"f:8:9:8:22":0,"s:9:2:15:Infinity":0},"fnNames":{}}}
,"/Users/mari/pokemon-app/src/pages/PokemonDetails/DetailsLoading.tsx": {"path":"/Users/mari/pokemon-app/src/pages/PokemonDetails/DetailsLoading.tsx","statementMap":{"0":{"start":{"line":4,"column":2},"end":{"line":7,"column":null}}},"fnMap":{"0":{"name":"DetailsLoading","decl":{"start":{"line":3,"column":9},"end":{"line":3,"column":26}},"loc":{"start":{"line":3,"column":26},"end":{"line":9,"column":null}},"line":3}},"branchMap":{},"s":{"0":7},"f":{"0":7},"b":{},"meta":{"lastBranch":0,"lastFunction":1,"lastStatement":1,"seen":{"f:3:9:3:26":0,"s:4:2:7:Infinity":0},"fnNames":{}}}
,"/Users/mari/pokemon-app/src/pages/PokemonDetails/DetailsStats.tsx": {"path":"/Users/mari/pokemon-app/src/pages/PokemonDetails/DetailsStats.tsx","statementMap":{"0":{"start":{"line":9,"column":13},"end":{"line":9,"column":null}},"1":{"start":{"line":10,"column":17},"end":{"line":10,"column":null}},"2":{"start":{"line":12,"column":2},"end":{"line":18,"column":null}}},"fnMap":{"0":{"name":"DetailsStats","decl":{"start":{"line":8,"column":9},"end":{"line":8,"column":22}},"loc":{"start":{"line":8,"column":54},"end":{"line":20,"column":null}},"line":8}},"branchMap":{"0":{"loc":{"start":{"line":16,"column":7},"end":{"line":16,"column":null}},"type":"binary-expr","locations":[{"start":{"line":16,"column":7},"end":{"line":16,"column":27}},{"start":{"line":16,"column":27},"end":{"line":16,"column":null}}],"line":16},"1":{"loc":{"start":{"line":17,"column":7},"end":{"line":17,"column":null}},"type":"binary-expr","locations":[{"start":{"line":17,"column":7},"end":{"line":17,"column":31}},{"start":{"line":17,"column":31},"end":{"line":17,"column":null}}],"line":17}},"s":{"0":9,"1":9,"2":9},"f":{"0":9},"b":{"0":[9,9],"1":[9,9]},"meta":{"lastBranch":2,"lastFunction":1,"lastStatement":3,"seen":{"f:8:9:8:22":0,"s:9:13:9:Infinity":0,"s:10:17:10:Infinity":1,"s:12:2:18:Infinity":2,"b:16:7:16:27:16:27:16:Infinity":0,"b:17:7:17:31:17:31:17:Infinity":1},"fnNames":{}}}
,"/Users/mari/pokemon-app/src/pages/PokemonDetails/DetailsTypes.tsx": {"path":"/Users/mari/pokemon-app/src/pages/PokemonDetails/DetailsTypes.tsx","statementMap":{"0":{"start":{"line":8,"column":2},"end":{"line":15,"column":null}},"1":{"start":{"line":11,"column":8},"end":{"line":13,"column":null}}},"fnMap":{"0":{"name":"DetailsTypes","decl":{"start":{"line":7,"column":9},"end":{"line":7,"column":22}},"loc":{"start":{"line":7,"column":52},"end":{"line":17,"column":null}},"line":7},"1":{"name":"(anonymous_1)","decl":{"start":{"line":10,"column":13},"end":{"line":10,"column":18}},"loc":{"start":{"line":11,"column":8},"end":{"line":13,"column":null}},"line":11}},"branchMap":{},"s":{"0":9,"1":9},"f":{"0":9,"1":9},"b":{},"meta":{"lastBranch":0,"lastFunction":2,"lastStatement":2,"seen":{"f:7:9:7:22":0,"s:8:2:15:Infinity":0,"f:10:13:10:18":1,"s:11:8:13:Infinity":1},"fnNames":{}}}
,"/Users/mari/pokemon-app/src/pages/PokemonDetails/PokemonDetails.tsx": {"path":"/Users/mari/pokemon-app/src/pages/PokemonDetails/PokemonDetails.tsx","statementMap":{"0":{"start":{"line":10,"column":17},"end":{"line":10,"column":43}},"1":{"start":{"line":11,"column":19},"end":{"line":11,"column":31}},"2":{"start":{"line":12,"column":25},"end":{"line":12,"column":41}},"3":{"start":{"line":13,"column":22},"end":{"line":13,"column":37}},"4":{"start":{"line":20,"column":6},"end":{"line":20,"column":null}},"5":{"start":{"line":22,"column":8},"end":{"line":24,"column":null}},"6":{"start":{"line":23,"column":4},"end":{"line":23,"column":null}},"7":{"start":{"line":26,"column":8},"end":{"line":28,"column":null}},"8":{"start":{"line":27,"column":4},"end":{"line":27,"column":null}},"9":{"start":{"line":30,"column":2},"end":{"line":32,"column":null}},"10":{"start":{"line":31,"column":4},"end":{"line":31,"column":null}},"11":{"start":{"line":34,"column":2},"end":{"line":38,"column":null}},"12":{"start":{"line":36,"column":6},"end":{"line":36,"column":null}},"13":{"start":{"line":37,"column":4},"end":{"line":37,"column":null}},"14":{"start":{"line":40,"column":2},"end":{"line":46,"column":null}}},"fnMap":{"0":{"name":"PokemonDetails","decl":{"start":{"line":9,"column":9},"end":{"line":9,"column":26}},"loc":{"start":{"line":9,"column":26},"end":{"line":48,"column":null}},"line":9},"1":{"name":"(anonymous_1)","decl":{"start":{"line":22,"column":8},"end":{"line":22,"column":28}},"loc":{"start":{"line":22,"column":28},"end":{"line":24,"column":null}},"line":22},"2":{"name":"(anonymous_2)","decl":{"start":{"line":26,"column":8},"end":{"line":26,"column":30}},"loc":{"start":{"line":26,"column":30},"end":{"line":28,"column":null}},"line":26}},"branchMap":{"0":{"loc":{"start":{"line":30,"column":2},"end":{"line":32,"column":null}},"type":"if","locations":[{"start":{"line":30,"column":2},"end":{"line":32,"column":null}},{"start":{},"end":{}}],"line":30},"1":{"loc":{"start":{"line":34,"column":2},"end":{"line":38,"column":null}},"type":"if","locations":[{"start":{"line":34,"column":2},"end":{"line":38,"column":null}},{"start":{},"end":{}}],"line":34},"2":{"loc":{"start":{"line":34,"column":6},"end":{"line":34,"column":27}},"type":"binary-expr","locations":[{"start":{"line":34,"column":6},"end":{"line":34,"column":17}},{"start":{"line":34,"column":17},"end":{"line":34,"column":27}}],"line":34},"3":{"loc":{"start":{"line":36,"column":6},"end":{"line":36,"column":null}},"type":"cond-expr","locations":[{"start":{"line":36,"column":31},"end":{"line":36,"column":47}},{"start":{"line":36,"column":47},"end":{"line":36,"column":null}}],"line":36}},"s":{"0":17,"1":17,"2":17,"3":17,"4":17,"5":17,"6":1,"7":17,"8":2,"9":17,"10":7,"11":10,"12":1,"13":1,"14":9},"f":{"0":17,"1":1,"2":2},"b":{"0":[7,10],"1":[1,9],"2":[10,9],"3":[1,0]},"meta":{"lastBranch":4,"lastFunction":3,"lastStatement":15,"seen":{"f:9:9:9:26":0,"s:10:17:10:43":0,"s:11:19:11:31":1,"s:12:25:12:41":2,"s:13:22:13:37":3,"s:20:6:20:Infinity":4,"s:22:8:24:Infinity":5,"f:22:8:22:28":1,"s:23:4:23:Infinity":6,"s:26:8:28:Infinity":7,"f:26:8:26:30":2,"s:27:4:27:Infinity":8,"b:30:2:32:Infinity:undefined:undefined:undefined:undefined":0,"s:30:2:32:Infinity":9,"s:31:4:31:Infinity":10,"b:34:2:38:Infinity:undefined:undefined:undefined:undefined":1,"s:34:2:38:Infinity":11,"b:34:6:34:17:34:17:34:27":2,"s:36:6:36:Infinity":12,"b:36:31:36:47:36:47:36:Infinity":3,"s:37:4:37:Infinity":13,"s:40:2:46:Infinity":14},"fnNames":{}}}
,"/Users/mari/pokemon-app/src/services/pokemonApi.ts": {"path":"/Users/mari/pokemon-app/src/services/pokemonApi.ts","statementMap":{"0":{"start":{"line":3,"column":17},"end":{"line":3,"column":null}},"1":{"start":{"line":9,"column":14},"end":{"line":11,"column":null}},"2":{"start":{"line":12,"column":2},"end":{"line":12,"column":null}},"3":{"start":{"line":12,"column":15},"end":{"line":12,"column":null}},"4":{"start":{"line":13,"column":2},"end":{"line":13,"column":null}},"5":{"start":{"line":17,"column":14},"end":{"line":17,"column":null}},"6":{"start":{"line":18,"column":2},"end":{"line":18,"column":null}},"7":{"start":{"line":18,"column":15},"end":{"line":18,"column":null}},"8":{"start":{"line":19,"column":2},"end":{"line":19,"column":null}},"9":{"start":{"line":25,"column":18},"end":{"line":27,"column":null}},"10":{"start":{"line":26,"column":24},"end":{"line":26,"column":48}},"11":{"start":{"line":28,"column":2},"end":{"line":32,"column":null}},"12":{"start":{"line":30,"column":51},"end":{"line":30,"column":null}},"13":{"start":{"line":32,"column":16},"end":{"line":32,"column":23}}},"fnMap":{"0":{"name":"fetchPokemonList","decl":{"start":{"line":5,"column":22},"end":{"line":5,"column":null}},"loc":{"start":{"line":8,"column":32},"end":{"line":14,"column":null}},"line":8},"1":{"name":"fetchPokemonByName","decl":{"start":{"line":16,"column":22},"end":{"line":16,"column":41}},"loc":{"start":{"line":16,"column":73},"end":{"line":20,"column":null}},"line":16},"2":{"name":"fetchPokemonDetailsBatch","decl":{"start":{"line":22,"column":22},"end":{"line":22,"column":null}},"loc":{"start":{"line":24,"column":22},"end":{"line":33,"column":null}},"line":24},"3":{"name":"(anonymous_3)","decl":{"start":{"line":26,"column":10},"end":{"line":26,"column":15}},"loc":{"start":{"line":26,"column":24},"end":{"line":26,"column":48}},"line":26},"4":{"name":"(anonymous_4)","decl":{"start":{"line":29,"column":5},"end":{"line":29,"column":null}},"loc":{"start":{"line":30,"column":51},"end":{"line":30,"column":null}},"line":30},"5":{"name":"(anonymous_5)","decl":{"start":{"line":32,"column":5},"end":{"line":32,"column":10}},"loc":{"start":{"line":32,"column":16},"end":{"line":32,"column":23}},"line":32}},"branchMap":{"0":{"loc":{"start":{"line":12,"column":2},"end":{"line":12,"column":null}},"type":"if","locations":[{"start":{"line":12,"column":2},"end":{"line":12,"column":null}},{"start":{},"end":{}}],"line":12},"1":{"loc":{"start":{"line":18,"column":2},"end":{"line":18,"column":null}},"type":"if","locations":[{"start":{"line":18,"column":2},"end":{"line":18,"column":null}},{"start":{},"end":{}}],"line":18}},"s":{"0":6,"1":2,"2":2,"3":1,"4":1,"5":9,"6":9,"7":4,"8":5,"9":3,"10":6,"11":3,"12":6,"13":3},"f":{"0":2,"1":9,"2":3,"3":6,"4":6,"5":3},"b":{"0":[1,1],"1":[4,5]},"meta":{"lastBranch":2,"lastFunction":6,"lastStatement":14,"seen":{"s:3:17:3:Infinity":0,"f:5:22:5:Infinity":0,"s:9:14:11:Infinity":1,"b:12:2:12:Infinity:undefined:undefined:undefined:undefined":0,"s:12:2:12:Infinity":2,"s:12:15:12:Infinity":3,"s:13:2:13:Infinity":4,"f:16:22:16:41":1,"s:17:14:17:Infinity":5,"b:18:2:18:Infinity:undefined:undefined:undefined:undefined":1,"s:18:2:18:Infinity":6,"s:18:15:18:Infinity":7,"s:19:2:19:Infinity":8,"f:22:22:22:Infinity":2,"s:25:18:27:Infinity":9,"f:26:10:26:15":3,"s:26:24:26:48":10,"s:28:2:32:Infinity":11,"f:29:5:29:Infinity":4,"s:30:51:30:Infinity":12,"f:32:5:32:10":5,"s:32:16:32:23":13},"fnNames":{}}}
,"/Users/mari/pokemon-app/src/store/selectedItemsStore.ts": {"path":"/Users/mari/pokemon-app/src/store/selectedItemsStore.ts","statementMap":{"0":{"start":{"line":4,"column":37},"end":{"line":17,"column":null}},"1":{"start":{"line":4,"column":74},"end":{"line":17,"column":2}},"2":{"start":{"line":7,"column":4},"end":{"line":15,"column":null}},"3":{"start":{"line":8,"column":19},"end":{"line":8,"column":null}},"4":{"start":{"line":9,"column":6},"end":{"line":13,"column":null}},"5":{"start":{"line":10,"column":8},"end":{"line":10,"column":null}},"6":{"start":{"line":12,"column":8},"end":{"line":12,"column":null}},"7":{"start":{"line":14,"column":6},"end":{"line":14,"column":null}},"8":{"start":{"line":16,"column":21},"end":{"line":16,"column":null}}},"fnMap":{"0":{"name":"(anonymous_0)","decl":{"start":{"line":4,"column":37},"end":{"line":4,"column":65}},"loc":{"start":{"line":4,"column":74},"end":{"line":17,"column":2}},"line":4},"1":{"name":"(anonymous_1)","decl":{"start":{"line":6,"column":2},"end":{"line":6,"column":15}},"loc":{"start":{"line":7,"column":4},"end":{"line":15,"column":null}},"line":7},"2":{"name":"(anonymous_2)","decl":{"start":{"line":7,"column":4},"end":{"line":7,"column":9}},"loc":{"start":{"line":7,"column":19},"end":{"line":15,"column":5}},"line":7},"3":{"name":"(anonymous_3)","decl":{"start":{"line":16,"column":2},"end":{"line":16,"column":21}},"loc":{"start":{"line":16,"column":21},"end":{"line":16,"column":null}},"line":16}},"branchMap":{"0":{"loc":{"start":{"line":9,"column":6},"end":{"line":13,"column":null}},"type":"if","locations":[{"start":{"line":9,"column":6},"end":{"line":13,"column":null}},{"start":{"line":11,"column":13},"end":{"line":13,"column":null}}],"line":9}},"s":{"0":4,"1":4,"2":0,"3":0,"4":0,"5":0,"6":0,"7":0,"8":0},"f":{"0":4,"1":0,"2":0,"3":0},"b":{"0":[0,0]},"meta":{"lastBranch":1,"lastFunction":4,"lastStatement":9,"seen":{"s:4:37:17:Infinity":0,"f:4:37:4:65":0,"s:4:74:17:2":1,"f:6:2:6:15":1,"s:7:4:15:Infinity":2,"f:7:4:7:9":2,"s:8:19:8:Infinity":3,"b:9:6:13:Infinity:11:13:13:Infinity":0,"s:9:6:13:Infinity":4,"s:10:8:10:Infinity":5,"s:12:8:12:Infinity":6,"s:14:6:14:Infinity":7,"f:16:2:16:21":3,"s:16:21:16:Infinity":8},"fnNames":{}}}
,"/Users/mari/pokemon-app/src/test-utils/renderWithProviders.tsx": {"path":"/Users/mari/pokemon-app/src/test-utils/renderWithProviders.tsx","statementMap":{"0":{"start":{"line":8,"column":2},"end":{"line":16,"column":null}},"1":{"start":{"line":32,"column":4},"end":{"line":37,"column":null}},"2":{"start":{"line":41,"column":2},"end":{"line":41,"column":null}}},"fnMap":{"0":{"name":"createTestQueryClient","decl":{"start":{"line":7,"column":16},"end":{"line":7,"column":53}},"loc":{"start":{"line":7,"column":53},"end":{"line":17,"column":null}},"line":7},"1":{"name":"renderWithProviders","decl":{"start":{"line":24,"column":16},"end":{"line":24,"column":null}},"loc":{"start":{"line":30,"column":2},"end":{"line":42,"column":null}},"line":30},"2":{"name":"Wrapper","decl":{"start":{"line":31,"column":11},"end":{"line":31,"column":19}},"loc":{"start":{"line":31,"column":58},"end":{"line":39,"column":null}},"line":31}},"branchMap":{"0":{"loc":{"start":{"line":26,"column":2},"end":{"line":29,"column":null}},"type":"default-arg","locations":[{"start":{"line":29,"column":34},"end":{"line":29,"column":null}}],"line":26},"1":{"loc":{"start":{"line":27,"column":4},"end":{"line":27,"column":null}},"type":"default-arg","locations":[{"start":{"line":27,"column":12},"end":{"line":27,"column":null}}],"line":27},"2":{"loc":{"start":{"line":28,"column":4},"end":{"line":28,"column":null}},"type":"default-arg","locations":[{"start":{"line":28,"column":18},"end":{"line":28,"column":null}}],"line":28}},"s":{"0":20,"1":5,"2":5},"f":{"0":20,"1":5,"2":5},"b":{"0":[5],"1":[5],"2":[5]},"meta":{"lastBranch":3,"lastFunction":3,"lastStatement":3,"seen":{"f:7:16:7:53":0,"s:8:2:16:Infinity":0,"f:24:16:24:Infinity":1,"b:29:34:29:Infinity":0,"b:27:12:27:Infinity":1,"b:28:18:28:Infinity":2,"f:31:11:31:19":2,"s:32:4:37:Infinity":1,"s:41:2:41:Infinity":2},"fnNames":{}}}
,"/Users/mari/pokemon-app/src/utils/csv.ts": {"path":"/Users/mari/pokemon-app/src/utils/csv.ts","statementMap":{"0":{"start":{"line":4,"column":17},"end":{"line":4,"column":null}},"1":{"start":{"line":5,"column":15},"end":{"line":12,"column":null}},"2":{"start":{"line":6,"column":4},"end":{"line":11,"column":null}},"3":{"start":{"line":13,"column":2},"end":{"line":13,"column":null}},"4":{"start":{"line":17,"column":21},"end":{"line":17,"column":null}},"5":{"start":{"line":18,"column":15},"end":{"line":18,"column":null}},"6":{"start":{"line":19,"column":14},"end":{"line":19,"column":null}},"7":{"start":{"line":21,"column":15},"end":{"line":21,"column":null}},"8":{"start":{"line":22,"column":2},"end":{"line":22,"column":null}},"9":{"start":{"line":23,"column":2},"end":{"line":23,"column":null}},"10":{"start":{"line":24,"column":2},"end":{"line":24,"column":null}},"11":{"start":{"line":26,"column":2},"end":{"line":26,"column":null}}},"fnMap":{"0":{"name":"itemsToCsv","decl":{"start":{"line":3,"column":16},"end":{"line":3,"column":27}},"loc":{"start":{"line":3,"column":58},"end":{"line":14,"column":null}},"line":3},"1":{"name":"(anonymous_1)","decl":{"start":{"line":5,"column":21},"end":{"line":5,"column":26}},"loc":{"start":{"line":6,"column":4},"end":{"line":11,"column":null}},"line":6},"2":{"name":"downloadCsv","decl":{"start":{"line":16,"column":16},"end":{"line":16,"column":28}},"loc":{"start":{"line":16,"column":57},"end":{"line":27,"column":null}},"line":16}},"branchMap":{},"s":{"0":0,"1":0,"2":0,"3":0,"4":0,"5":0,"6":0,"7":0,"8":0,"9":0,"10":0,"11":0},"f":{"0":0,"1":0,"2":0},"b":{},"meta":{"lastBranch":0,"lastFunction":3,"lastStatement":12,"seen":{"f:3:16:3:27":0,"s:4:17:4:Infinity":0,"s:5:15:12:Infinity":1,"f:5:21:5:26":1,"s:6:4:11:Infinity":2,"s:13:2:13:Infinity":3,"f:16:16:16:28":2,"s:17:21:17:Infinity":4,"s:18:15:18:Infinity":5,"s:19:14:19:Infinity":6,"s:21:15:21:Infinity":7,"s:22:2:22:Infinity":8,"s:23:2:23:Infinity":9,"s:24:2:24:Infinity":10,"s:26:2:26:Infinity":11},"fnNames":{}}}
,"/Users/mari/pokemon-app/src/utils/pokemonHelpers.ts": {"path":"/Users/mari/pokemon-app/src/utils/pokemonHelpers.ts","statementMap":{"0":{"start":{"line":2,"column":16},"end":{"line":2,"column":null}},"1":{"start":{"line":3,"column":2},"end":{"line":3,"column":null}},"2":{"start":{"line":7,"column":2},"end":{"line":7,"column":null}}},"fnMap":{"0":{"name":"extractIdFromUrl","decl":{"start":{"line":1,"column":16},"end":{"line":1,"column":33}},"loc":{"start":{"line":1,"column":54},"end":{"line":4,"column":null}},"line":1},"1":{"name":"getArtworkUrl","decl":{"start":{"line":6,"column":16},"end":{"line":6,"column":30}},"loc":{"start":{"line":6,"column":50},"end":{"line":8,"column":null}},"line":6}},"branchMap":{},"s":{"0":2,"1":2,"2":1},"f":{"0":2,"1":1},"b":{},"meta":{"lastBranch":0,"lastFunction":2,"lastStatement":3,"seen":{"f:1:16:1:33":0,"s:2:16:2:Infinity":0,"s:3:2:3:Infinity":1,"f:6:16:6:30":1,"s:7:2:7:Infinity":2},"fnNames":{}}}
,"/Users/mari/pokemon-app/src/utils/pokemonMapper.ts": {"path":"/Users/mari/pokemon-app/src/utils/pokemonMapper.ts","statementMap":{"0":{"start":{"line":6,"column":2},"end":{"line":15,"column":null}},"1":{"start":{"line":9,"column":36},"end":{"line":9,"column":47}}},"fnMap":{"0":{"name":"mapPokemonToCard","decl":{"start":{"line":5,"column":16},"end":{"line":5,"column":33}},"loc":{"start":{"line":5,"column":65},"end":{"line":16,"column":null}},"line":5},"1":{"name":"(anonymous_1)","decl":{"start":{"line":9,"column":25},"end":{"line":9,"column":30}},"loc":{"start":{"line":9,"column":36},"end":{"line":9,"column":47}},"line":9}},"branchMap":{},"s":{"0":5,"1":5},"f":{"0":5,"1":5},"b":{},"meta":{"lastBranch":0,"lastFunction":2,"lastStatement":2,"seen":{"f:5:16:5:33":0,"s:6:2:15:Infinity":0,"f:9:25:9:30":1,"s:9:36:9:47":1},"fnNames":{}}}
,"/Users/mari/pokemon-app/src/utils/pokemonStats.ts": {"path":"/Users/mari/pokemon-app/src/utils/pokemonStats.ts","statementMap":{"0":{"start":{"line":4,"column":2},"end":{"line":7,"column":null}},"1":{"start":{"line":15,"column":2},"end":{"line":15,"column":null}},"2":{"start":{"line":15,"column":35},"end":{"line":15,"column":59}}},"fnMap":{"0":{"name":"getPokemonImage","decl":{"start":{"line":3,"column":16},"end":{"line":3,"column":32}},"loc":{"start":{"line":3,"column":58},"end":{"line":9,"column":null}},"line":3},"1":{"name":"getStatValue","decl":{"start":{"line":11,"column":16},"end":{"line":11,"column":null}},"loc":{"start":{"line":14,"column":22},"end":{"line":16,"column":null}},"line":14},"2":{"name":"(anonymous_2)","decl":{"start":{"line":15,"column":23},"end":{"line":15,"column":29}},"loc":{"start":{"line":15,"column":35},"end":{"line":15,"column":59}},"line":15}},"branchMap":{"0":{"loc":{"start":{"line":5,"column":4},"end":{"line":7,"column":null}},"type":"binary-expr","locations":[{"start":{"line":5,"column":4},"end":{"line":5,"column":null}},{"start":{"line":6,"column":4},"end":{"line":6,"column":null}},{"start":{"line":7,"column":4},"end":{"line":7,"column":null}}],"line":5}},"s":{"0":14,"1":28,"2":27},"f":{"0":14,"1":28,"2":27},"b":{"0":[14,14,0]},"meta":{"lastBranch":1,"lastFunction":3,"lastStatement":3,"seen":{"f:3:16:3:32":0,"s:4:2:7:Infinity":0,"b:5:4:5:Infinity:6:4:6:Infinity:7:4:7:Infinity":0,"f:11:16:11:Infinity":1,"s:15:2:15:Infinity":1,"f:15:23:15:29":2,"s:15:35:15:59":2},"fnNames":{}}}
,"/Users/mari/pokemon-app/src/utils/searchUtils.ts": {"path":"/Users/mari/pokemon-app/src/utils/searchUtils.ts","statementMap":{"0":{"start":{"line":3,"column":13},"end":{"line":17,"column":null}},"1":{"start":{"line":7,"column":18},"end":{"line":7,"column":null}},"2":{"start":{"line":8,"column":20},"end":{"line":8,"column":39}},"3":{"start":{"line":10,"column":2},"end":{"line":12,"column":null}},"4":{"start":{"line":11,"column":4},"end":{"line":11,"column":null}},"5":{"start":{"line":14,"column":2},"end":{"line":14,"column":null}},"6":{"start":{"line":15,"column":2},"end":{"line":15,"column":null}},"7":{"start":{"line":16,"column":2},"end":{"line":16,"column":null}},"8":{"start":{"line":19,"column":13},"end":{"line":21,"column":null}},"9":{"start":{"line":20,"column":2},"end":{"line":20,"column":null}},"10":{"start":{"line":23,"column":13},"end":{"line":25,"column":null}},"11":{"start":{"line":24,"column":2},"end":{"line":24,"column":null}}},"fnMap":{"0":{"name":"(anonymous_0)","decl":{"start":{"line":3,"column":13},"end":{"line":3,"column":null}},"loc":{"start":{"line":6,"column":5},"end":{"line":17,"column":null}},"line":6},"1":{"name":"(anonymous_1)","decl":{"start":{"line":19,"column":13},"end":{"line":19,"column":43}},"loc":{"start":{"line":19,"column":43},"end":{"line":21,"column":null}},"line":19},"2":{"name":"(anonymous_2)","decl":{"start":{"line":23,"column":13},"end":{"line":23,"column":36}},"loc":{"start":{"line":23,"column":63},"end":{"line":25,"column":null}},"line":23}},"branchMap":{"0":{"loc":{"start":{"line":10,"column":2},"end":{"line":12,"column":null}},"type":"if","locations":[{"start":{"line":10,"column":2},"end":{"line":12,"column":null}},{"start":{},"end":{}}],"line":10}},"s":{"0":4,"1":9,"2":9,"3":9,"4":2,"5":7,"6":7,"7":7,"8":4,"9":18,"10":4,"11":4},"f":{"0":9,"1":18,"2":4},"b":{"0":[2,7]},"meta":{"lastBranch":1,"lastFunction":3,"lastStatement":12,"seen":{"s:3:13:17:Infinity":0,"f:3:13:3:Infinity":0,"s:7:18:7:Infinity":1,"s:8:20:8:39":2,"b:10:2:12:Infinity:undefined:undefined:undefined:undefined":0,"s:10:2:12:Infinity":3,"s:11:4:11:Infinity":4,"s:14:2:14:Infinity":5,"s:15:2:15:Infinity":6,"s:16:2:16:Infinity":7,"s:19:13:21:Infinity":8,"f:19:13:19:43":1,"s:20:2:20:Infinity":9,"s:23:13:25:Infinity":10,"f:23:13:23:36":2,"s:24:2:24:Infinity":11},"fnNames":{}}}
,"/Users/mari/pokemon-app/src/utils/storage.ts": {"path":"/Users/mari/pokemon-app/src/utils/storage.ts","statementMap":{"0":{"start":{"line":1,"column":24},"end":{"line":1,"column":null}},"1":{"start":{"line":4,"column":16},"end":{"line":4,"column":null}},"2":{"start":{"line":5,"column":2},"end":{"line":5,"column":null}},"3":{"start":{"line":9,"column":2},"end":{"line":9,"column":null}}},"fnMap":{"0":{"name":"getSavedSearchTerm","decl":{"start":{"line":3,"column":16},"end":{"line":3,"column":45}},"loc":{"start":{"line":3,"column":45},"end":{"line":6,"column":null}},"line":3},"1":{"name":"saveSearchTerm","decl":{"start":{"line":8,"column":16},"end":{"line":8,"column":31}},"loc":{"start":{"line":8,"column":51},"end":{"line":10,"column":null}},"line":8}},"branchMap":{"0":{"loc":{"start":{"line":5,"column":9},"end":{"line":5,"column":null}},"type":"binary-expr","locations":[{"start":{"line":5,"column":9},"end":{"line":5,"column":18}},{"start":{"line":5,"column":18},"end":{"line":5,"column":null}}],"line":5}},"s":{"0":5,"1":9,"2":9,"3":4},"f":{"0":9,"1":4},"b":{"0":[9,8]},"meta":{"lastBranch":1,"lastFunction":2,"lastStatement":4,"seen":{"s:1:24:1:Infinity":0,"f:3:16:3:45":0,"s:4:16:4:Infinity":1,"s:5:2:5:Infinity":2,"b:5:9:5:18:5:18:5:Infinity":0,"f:8:16:8:31":1,"s:9:2:9:Infinity":3},"fnNames":{}}}
,"/Users/mari/pokemon-app/src/utils/typeColors.ts": {"path":"/Users/mari/pokemon-app/src/utils/typeColors.ts","statementMap":{"0":{"start":{"line":7,"column":47},"end":{"line":26,"column":null}},"1":{"start":{"line":28,"column":33},"end":{"line":32,"column":null}},"2":{"start":{"line":35,"column":2},"end":{"line":35,"column":null}}},"fnMap":{"0":{"name":"getTypeColor","decl":{"start":{"line":34,"column":16},"end":{"line":34,"column":29}},"loc":{"start":{"line":34,"column":58},"end":{"line":36,"column":null}},"line":34}},"branchMap":{"0":{"loc":{"start":{"line":35,"column":9},"end":{"line":35,"column":null}},"type":"binary-expr","locations":[{"start":{"line":35,"column":9},"end":{"line":35,"column":34}},{"start":{"line":35,"column":34},"end":{"line":35,"column":null}}],"line":35}},"s":{"0":6,"1":6,"2":27},"f":{"0":27},"b":{"0":[27,1]},"meta":{"lastBranch":1,"lastFunction":1,"lastStatement":3,"seen":{"s:7:47:26:Infinity":0,"s:28:33:32:Infinity":1,"f:34:16:34:29":0,"s:35:2:35:Infinity":2,"b:35:9:35:34:35:34:35:Infinity":0},"fnNames":{}}}
}
